{"D:\\Code\\inderes-tracker\\src\\index.ts": {"path":"D:\\Code\\inderes-tracker\\src\\index.ts","statementMap":{"0":{"start":{"line":1,"column":0},"end":{"line":1,"column":50}},"1":{"start":{"line":2,"column":0},"end":{"line":2,"column":48}},"2":{"start":{"line":3,"column":0},"end":{"line":3,"column":57}},"3":{"start":{"line":4,"column":0},"end":{"line":4,"column":50}},"4":{"start":{"line":5,"column":0},"end":{"line":5,"column":53}},"5":{"start":{"line":7,"column":23},"end":{"line":23,"column":1}},"6":{"start":{"line":8,"column":39},"end":{"line":8,"column":58}},"7":{"start":{"line":9,"column":41},"end":{"line":9,"column":61}},"8":{"start":{"line":11,"column":2},"end":{"line":11,"column":38}},"9":{"start":{"line":12,"column":19},"end":{"line":12,"column":52}},"10":{"start":{"line":13,"column":2},"end":{"line":13,"column":40}},"11":{"start":{"line":14,"column":14},"end":{"line":14,"column":24}},"12":{"start":{"line":15,"column":24},"end":{"line":15,"column":81}},"13":{"start":{"line":15,"column":52},"end":{"line":15,"column":80}},"14":{"start":{"line":17,"column":29},"end":{"line":17,"column":31}},"15":{"start":{"line":18,"column":2},"end":{"line":20,"column":null}},"16":{"start":{"line":19,"column":4},"end":{"line":19,"column":43}},"17":{"start":{"line":21,"column":2},"end":{"line":21,"column":36}},"18":{"start":{"line":22,"column":2},"end":{"line":22,"column":64}},"19":{"start":{"line":7,"column":13},"end":{"line":7,"column":23}},"20":{"start":{"line":25,"column":23},"end":{"line":33,"column":1}},"21":{"start":{"line":26,"column":2},"end":{"line":26,"column":37}},"22":{"start":{"line":27,"column":31},"end":{"line":27,"column":76}},"23":{"start":{"line":28,"column":2},"end":{"line":28,"column":38}},"24":{"start":{"line":29,"column":4},"end":{"line":32,"column":6}},"25":{"start":{"line":25,"column":13},"end":{"line":25,"column":23}},"26":{"start":{"line":35,"column":0},"end":{"line":37,"column":null}},"27":{"start":{"line":36,"column":2},"end":{"line":36,"column":44}}},"fnMap":{"0":{"name":"(anonymous_0)","decl":{"start":{"line":7,"column":23},"end":{"line":7,"column":28}},"loc":{"start":{"line":7,"column":64},"end":{"line":23,"column":1}}},"1":{"name":"(anonymous_1)","decl":{"start":{"line":15,"column":40},"end":{"line":15,"column":48}},"loc":{"start":{"line":15,"column":52},"end":{"line":15,"column":80}}},"2":{"name":"(anonymous_2)","decl":{"start":{"line":25,"column":23},"end":{"line":25,"column":28}},"loc":{"start":{"line":25,"column":77},"end":{"line":33,"column":1}}}},"branchMap":{"0":{"loc":{"start":{"line":27,"column":64},"end":{"line":27,"column":68}},"type":"cond-expr","locations":[{"start":{"line":27,"column":64},"end":{"line":27,"column":68}},{"start":{"line":27,"column":71},"end":{"line":27,"column":76}}]},"1":{"loc":{"start":{"line":35,"column":0},"end":{"line":37,"column":null}},"type":"if","locations":[{"start":{"line":35,"column":0},"end":{"line":37,"column":null}},{"start":{"line":35,"column":0},"end":{"line":37,"column":null}}]}},"s":{"0":0,"1":0,"2":0,"3":0,"4":0,"5":0,"6":0,"7":0,"8":0,"9":0,"10":0,"11":0,"12":0,"13":0,"14":0,"15":0,"16":0,"17":0,"18":0,"19":0,"20":0,"21":0,"22":0,"23":0,"24":0,"25":0,"26":0,"27":0},"f":{"0":0,"1":0,"2":0},"b":{"0":[0,0],"1":[0,0]}}
,"D:\\Code\\inderes-tracker\\src\\inderes\\inderes.ts": {"path":"D:\\Code\\inderes-tracker\\src\\inderes\\inderes.ts","statementMap":{"0":{"start":{"line":1,"column":0},"end":{"line":1,"column":45}},"1":{"start":{"line":14,"column":9},"end":{"line":17,"column":null}},"2":{"start":{"line":15,"column":21},"end":{"line":15,"column":105}},"3":{"start":{"line":16,"column":4},"end":{"line":16,"column":35}},"4":{"start":{"line":8,"column":4},"end":{"line":11,"column":7}},"5":{"start":{"line":4,"column":0},"end":{"line":4,"column":13}}},"fnMap":{"0":{"name":"(anonymous_1)","decl":{"start":{"line":7,"column":2},"end":{"line":7,"column":null}},"loc":{"start":{"line":7,"column":2},"end":{"line":12,"column":3}}},"1":{"name":"(anonymous_2)","decl":{"start":{"line":14,"column":23},"end":{"line":14,"column":28}},"loc":{"start":{"line":14,"column":56},"end":{"line":17,"column":3}}}},"branchMap":{},"s":{"0":0,"1":0,"2":0,"3":0,"4":0,"5":0},"f":{"0":0,"1":0},"b":{}}
,"D:\\Code\\inderes-tracker\\src\\inderes\\inderesTypes.ts": {"path":"D:\\Code\\inderes-tracker\\src\\inderes\\inderesTypes.ts","statementMap":{"0":{"start":{"line":17,"column":0},"end":{"line":17,"column":null}},"1":{"start":{"line":18,"column":2},"end":{"line":18,"column":null}},"2":{"start":{"line":19,"column":2},"end":{"line":19,"column":null}},"3":{"start":{"line":20,"column":2},"end":{"line":20,"column":null}},"4":{"start":{"line":21,"column":2},"end":{"line":21,"column":null}},"5":{"start":{"line":25,"column":0},"end":{"line":25,"column":null}},"6":{"start":{"line":26,"column":2},"end":{"line":26,"column":null}},"7":{"start":{"line":27,"column":2},"end":{"line":27,"column":null}},"8":{"start":{"line":28,"column":2},"end":{"line":28,"column":null}},"9":{"start":{"line":29,"column":2},"end":{"line":29,"column":null}}},"fnMap":{"0":{"name":"(anonymous_0)","decl":{"start":{"line":17,"column":0},"end":{"line":17,"column":12}},"loc":{"start":{"line":17,"column":26},"end":{"line":22,"column":1}}},"1":{"name":"(anonymous_1)","decl":{"start":{"line":25,"column":0},"end":{"line":25,"column":12}},"loc":{"start":{"line":25,"column":16},"end":{"line":30,"column":1}}}},"branchMap":{"0":{"loc":{"start":{"line":17,"column":12},"end":{"line":17,"column":26}},"type":"binary-expr","locations":[{"start":{"line":17,"column":12},"end":{"line":17,"column":26}},{"start":{"line":17,"column":12},"end":{"line":17,"column":null}}]},"1":{"loc":{"start":{"line":25,"column":12},"end":{"line":25,"column":16}},"type":"binary-expr","locations":[{"start":{"line":25,"column":12},"end":{"line":25,"column":16}},{"start":{"line":25,"column":12},"end":{"line":25,"column":null}}]}},"s":{"0":0,"1":0,"2":0,"3":0,"4":0,"5":0,"6":0,"7":0,"8":0,"9":0},"f":{"0":0,"1":0},"b":{"0":[0,0],"1":[0,0]}}
,"D:\\Code\\inderes-tracker\\src\\inderes\\utils.ts": {"path":"D:\\Code\\inderes-tracker\\src\\inderes\\utils.ts","statementMap":{"0":{"start":{"line":3,"column":36},"end":{"line":3,"column":37}},"1":{"start":{"line":6,"column":29},"end":{"line":11,"column":1}},"2":{"start":{"line":7,"column":2},"end":{"line":9,"column":null}},"3":{"start":{"line":8,"column":4},"end":{"line":8,"column":16}},"4":{"start":{"line":10,"column":2},"end":{"line":10,"column":15}},"5":{"start":{"line":6,"column":13},"end":{"line":6,"column":29}},"6":{"start":{"line":13,"column":41},"end":{"line":18,"column":1}},"7":{"start":{"line":14,"column":20},"end":{"line":14,"column":53}},"8":{"start":{"line":15,"column":23},"end":{"line":15,"column":101}},"9":{"start":{"line":16,"column":27},"end":{"line":16,"column":96}},"10":{"start":{"line":17,"column":2},"end":{"line":17,"column":38}},"11":{"start":{"line":13,"column":13},"end":{"line":13,"column":41}}},"fnMap":{"0":{"name":"(anonymous_0)","decl":{"start":{"line":6,"column":29},"end":{"line":6,"column":30}},"loc":{"start":{"line":6,"column":72},"end":{"line":11,"column":1}}},"1":{"name":"(anonymous_1)","decl":{"start":{"line":13,"column":41},"end":{"line":13,"column":42}},"loc":{"start":{"line":13,"column":95},"end":{"line":18,"column":1}}}},"branchMap":{"0":{"loc":{"start":{"line":7,"column":2},"end":{"line":9,"column":null}},"type":"if","locations":[{"start":{"line":7,"column":2},"end":{"line":9,"column":null}},{"start":{"line":7,"column":2},"end":{"line":9,"column":null}}]}},"s":{"0":1,"1":1,"2":0,"3":0,"4":0,"5":1,"6":1,"7":5,"8":5,"9":5,"10":5,"11":1},"f":{"0":0,"1":5},"b":{"0":[0,0]}}
,"D:\\Code\\inderes-tracker\\src\\telegram\\batch.ts": {"path":"D:\\Code\\inderes-tracker\\src\\telegram\\batch.ts","statementMap":{"0":{"start":{"line":3,"column":25},"end":{"line":3,"column":29}},"1":{"start":{"line":5,"column":37},"end":{"line":23,"column":1}},"2":{"start":{"line":6,"column":2},"end":{"line":22,"column":null}},"3":{"start":{"line":7,"column":18},"end":{"line":7,"column":20}},"4":{"start":{"line":8,"column":4},"end":{"line":10,"column":null}},"5":{"start":{"line":9,"column":6},"end":{"line":9,"column":41}},"6":{"start":{"line":11,"column":4},"end":{"line":21,"column":null}},"7":{"start":{"line":12,"column":6},"end":{"line":18,"column":null}},"8":{"start":{"line":13,"column":8},"end":{"line":13,"column":42}},"9":{"start":{"line":14,"column":8},"end":{"line":14,"column":42}},"10":{"start":{"line":17,"column":8},"end":{"line":17,"column":52}},"11":{"start":{"line":20,"column":6},"end":{"line":20,"column":27}},"12":{"start":{"line":5,"column":13},"end":{"line":5,"column":37}}},"fnMap":{"0":{"name":"(anonymous_0)","decl":{"start":{"line":5,"column":37},"end":{"line":5,"column":42}},"loc":{"start":{"line":5,"column":122},"end":{"line":23,"column":1}}}},"branchMap":{"0":{"loc":{"start":{"line":8,"column":11},"end":{"line":8,"column":26}},"type":"binary-expr","locations":[{"start":{"line":8,"column":11},"end":{"line":8,"column":26}},{"start":{"line":8,"column":30},"end":{"line":8,"column":86}}]},"1":{"loc":{"start":{"line":12,"column":6},"end":{"line":18,"column":null}},"type":"if","locations":[{"start":{"line":12,"column":6},"end":{"line":18,"column":null}},{"start":{"line":12,"column":6},"end":{"line":18,"column":null}}]}},"s":{"0":0,"1":0,"2":0,"3":0,"4":0,"5":0,"6":0,"7":0,"8":0,"9":0,"10":0,"11":0,"12":0},"f":{"0":0},"b":{"0":[0,0],"1":[0,0]}}
,"D:\\Code\\inderes-tracker\\src\\telegram\\render.ts": {"path":"D:\\Code\\inderes-tracker\\src\\telegram\\render.ts","statementMap":{"0":{"start":{"line":1,"column":0},"end":{"line":1,"column":67}},"1":{"start":{"line":3,"column":36},"end":{"line":19,"column":1}},"2":{"start":{"line":4,"column":2},"end":{"line":18,"column":null}},"3":{"start":{"line":5,"column":4},"end":{"line":5,"column":18}},"4":{"start":{"line":7,"column":7},"end":{"line":18,"column":null}},"5":{"start":{"line":8,"column":4},"end":{"line":8,"column":19}},"6":{"start":{"line":10,"column":7},"end":{"line":18,"column":null}},"7":{"start":{"line":11,"column":4},"end":{"line":11,"column":21}},"8":{"start":{"line":13,"column":7},"end":{"line":18,"column":null}},"9":{"start":{"line":14,"column":4},"end":{"line":14,"column":17}},"10":{"start":{"line":17,"column":4},"end":{"line":17,"column":17}},"11":{"start":{"line":3,"column":13},"end":{"line":3,"column":36}},"12":{"start":{"line":21,"column":30},"end":{"line":31,"column":1}},"13":{"start":{"line":22,"column":2},"end":{"line":30,"column":null}},"14":{"start":{"line":23,"column":4},"end":{"line":23,"column":15}},"15":{"start":{"line":25,"column":7},"end":{"line":30,"column":null}},"16":{"start":{"line":26,"column":4},"end":{"line":26,"column":15}},"17":{"start":{"line":29,"column":4},"end":{"line":29,"column":20}},"18":{"start":{"line":21,"column":13},"end":{"line":21,"column":30}},"19":{"start":{"line":33,"column":29},"end":{"line":36,"column":1}},"20":{"start":{"line":34,"column":18},"end":{"line":34,"column":203}},"21":{"start":{"line":35,"column":2},"end":{"line":35,"column":17}},"22":{"start":{"line":33,"column":13},"end":{"line":33,"column":29}}},"fnMap":{"0":{"name":"(anonymous_0)","decl":{"start":{"line":3,"column":36},"end":{"line":3,"column":37}},"loc":{"start":{"line":3,"column":79},"end":{"line":19,"column":1}}},"1":{"name":"(anonymous_1)","decl":{"start":{"line":21,"column":30},"end":{"line":21,"column":31}},"loc":{"start":{"line":21,"column":59},"end":{"line":31,"column":1}}},"2":{"name":"(anonymous_2)","decl":{"start":{"line":33,"column":29},"end":{"line":33,"column":30}},"loc":{"start":{"line":33,"column":53},"end":{"line":36,"column":1}}}},"branchMap":{"0":{"loc":{"start":{"line":4,"column":2},"end":{"line":18,"column":null}},"type":"if","locations":[{"start":{"line":4,"column":2},"end":{"line":18,"column":null}},{"start":{"line":4,"column":2},"end":{"line":18,"column":null}}]},"1":{"loc":{"start":{"line":7,"column":7},"end":{"line":18,"column":null}},"type":"if","locations":[{"start":{"line":7,"column":7},"end":{"line":18,"column":null}},{"start":{"line":7,"column":7},"end":{"line":18,"column":null}}]},"2":{"loc":{"start":{"line":10,"column":7},"end":{"line":18,"column":null}},"type":"if","locations":[{"start":{"line":10,"column":7},"end":{"line":18,"column":null}},{"start":{"line":10,"column":7},"end":{"line":18,"column":null}}]},"3":{"loc":{"start":{"line":13,"column":7},"end":{"line":18,"column":null}},"type":"if","locations":[{"start":{"line":13,"column":7},"end":{"line":18,"column":null}},{"start":{"line":13,"column":7},"end":{"line":18,"column":null}}]},"4":{"loc":{"start":{"line":22,"column":2},"end":{"line":30,"column":null}},"type":"if","locations":[{"start":{"line":22,"column":2},"end":{"line":30,"column":null}},{"start":{"line":22,"column":2},"end":{"line":30,"column":null}}]},"5":{"loc":{"start":{"line":25,"column":7},"end":{"line":30,"column":null}},"type":"if","locations":[{"start":{"line":25,"column":7},"end":{"line":30,"column":null}},{"start":{"line":25,"column":7},"end":{"line":30,"column":null}}]}},"s":{"0":0,"1":0,"2":0,"3":0,"4":0,"5":0,"6":0,"7":0,"8":0,"9":0,"10":0,"11":0,"12":0,"13":0,"14":0,"15":0,"16":0,"17":0,"18":0,"19":0,"20":0,"21":0,"22":0},"f":{"0":0,"1":0,"2":0},"b":{"0":[0,0],"1":[0,0],"2":[0,0],"3":[0,0],"4":[0,0],"5":[0,0]}}
,"D:\\Code\\inderes-tracker\\src\\telegram\\telegram.ts": {"path":"D:\\Code\\inderes-tracker\\src\\telegram\\telegram.ts","statementMap":{"0":{"start":{"line":1,"column":0},"end":{"line":1,"column":45}},"1":{"start":{"line":18,"column":9},"end":{"line":21,"column":null}},"2":{"start":{"line":19,"column":21},"end":{"line":19,"column":108}},"3":{"start":{"line":20,"column":4},"end":{"line":20,"column":42}},"4":{"start":{"line":23,"column":9},"end":{"line":30,"column":null}},"5":{"start":{"line":24,"column":4},"end":{"line":29,"column":13}},"6":{"start":{"line":10,"column":4},"end":{"line":10,"column":67}},"7":{"start":{"line":11,"column":4},"end":{"line":11,"column":57}},"8":{"start":{"line":12,"column":4},"end":{"line":15,"column":7}},"9":{"start":{"line":4,"column":0},"end":{"line":4,"column":13}}},"fnMap":{"0":{"name":"(anonymous_1)","decl":{"start":{"line":9,"column":2},"end":{"line":9,"column":null}},"loc":{"start":{"line":9,"column":2},"end":{"line":16,"column":3}}},"1":{"name":"(anonymous_2)","decl":{"start":{"line":18,"column":22},"end":{"line":18,"column":27}},"loc":{"start":{"line":18,"column":48},"end":{"line":21,"column":3}}},"2":{"name":"(anonymous_3)","decl":{"start":{"line":23,"column":23},"end":{"line":23,"column":28}},"loc":{"start":{"line":23,"column":73},"end":{"line":30,"column":3}}}},"branchMap":{},"s":{"0":0,"1":0,"2":0,"3":0,"4":0,"5":0,"6":0,"7":0,"8":0,"9":0},"f":{"0":0,"1":0,"2":0},"b":{}}
}
